This file contains any messages produced by compilers while
running configure, to aid debugging if configure makes a mistake.

It was created by cconv configure 0.5.2, which was
generated by GNU Autoconf 2.63.  Invocation command line was

  $ ./configure --no-create --no-recursion

## --------- ##
## Platform. ##
## --------- ##

hostname = jianyu-pc
uname -m = i686
uname -r = 2.6.28-11-generic
uname -s = Linux
uname -v = #41-Ubuntu SMP Wed Apr 8 04:38:53 UTC 2009

/usr/bin/uname -p = unknown
/bin/uname -X     = unknown

/bin/arch              = unknown
/usr/bin/arch -k       = unknown
/usr/convex/getsysinfo = unknown
/usr/bin/hostinfo      = unknown
/bin/machine           = unknown
/usr/bin/oslevel       = unknown
/bin/universe          = unknown

PATH: /usr/local/php/bin
PATH: /usr/local/sbin
PATH: /usr/local/bin
PATH: /usr/sbin
PATH: /usr/bin
PATH: /sbin
PATH: /bin


## ----------- ##
## Core tests. ##
## ----------- ##

configure:2076: checking for a BSD-compatible install
configure:2144: result: /usr/bin/install -c
configure:2155: checking whether build environment is sane
configure:2198: result: yes
configure:2228: checking for gawk
configure:2258: result: no
configure:2228: checking for mawk
configure:2244: found /usr/bin/mawk
configure:2255: result: mawk
configure:2266: checking whether make sets $(MAKE)
configure:2288: result: yes
configure:2528: checking for g++
configure:2544: found /usr/bin/g++
configure:2555: result: g++
configure:2582: checking for C++ compiler version
configure:2590: g++ --version >&5
g++ (Ubuntu 4.3.3-5ubuntu4) 4.3.3
Copyright (C) 2008 Free Software Foundation, Inc.
This is free software; see the source for copying conditions.  There is NO
warranty; not even for MERCHANTABILITY or FITNESS FOR A PARTICULAR PURPOSE.

configure:2594: $? = 0
configure:2601: g++ -v >&5
Using built-in specs.
Target: i486-linux-gnu
Configured with: ../src/configure -v --with-pkgversion='Ubuntu 4.3.3-5ubuntu4' --with-bugurl=file:///usr/share/doc/gcc-4.3/README.Bugs --enable-languages=c,c++,fortran,objc,obj-c++ --prefix=/usr --enable-shared --with-system-zlib --libexecdir=/usr/lib --without-included-gettext --enable-threads=posix --enable-nls --with-gxx-include-dir=/usr/include/c++/4.3 --program-suffix=-4.3 --enable-clocale=gnu --enable-libstdcxx-debug --enable-objc-gc --enable-mpfr --enable-targets=all --with-tune=generic --enable-checking=release --build=i486-linux-gnu --host=i486-linux-gnu --target=i486-linux-gnu
Thread model: posix
gcc version 4.3.3 (Ubuntu 4.3.3-5ubuntu4) 
configure:2605: $? = 0
configure:2612: g++ -V >&5
g++: '-V' option must have argument
configure:2616: $? = 1
configure:2639: checking for C++ compiler default output file name
configure:2661: g++    conftest.cpp  >&5
configure:2665: $? = 0
configure:2703: result: a.out
configure:2722: checking whether the C++ compiler works
configure:2732: ./a.out
configure:2736: $? = 0
configure:2755: result: yes
configure:2762: checking whether we are cross compiling
configure:2764: result: no
configure:2767: checking for suffix of executables
configure:2774: g++ -o conftest    conftest.cpp  >&5
configure:2778: $? = 0
configure:2804: result: 
configure:2810: checking for suffix of object files
configure:2836: g++ -c   conftest.cpp >&5
configure:2840: $? = 0
configure:2865: result: o
configure:2869: checking whether we are using the GNU C++ compiler
configure:2898: g++ -c   conftest.cpp >&5
configure:2905: $? = 0
configure:2922: result: yes
configure:2931: checking whether g++ accepts -g
configure:2961: g++ -c -g  conftest.cpp >&5
configure:2968: $? = 0
configure:3069: result: yes
configure:3103: checking for style of include used by make
configure:3131: result: GNU
configure:3159: checking dependency style of g++
configure:3242: result: none
configure:3307: checking for gcc
configure:3323: found /usr/bin/gcc
configure:3334: result: gcc
configure:3566: checking for C compiler version
configure:3574: gcc --version >&5
gcc (Ubuntu 4.3.3-5ubuntu4) 4.3.3
Copyright (C) 2008 Free Software Foundation, Inc.
This is free software; see the source for copying conditions.  There is NO
warranty; not even for MERCHANTABILITY or FITNESS FOR A PARTICULAR PURPOSE.

configure:3578: $? = 0
configure:3585: gcc -v >&5
Using built-in specs.
Target: i486-linux-gnu
Configured with: ../src/configure -v --with-pkgversion='Ubuntu 4.3.3-5ubuntu4' --with-bugurl=file:///usr/share/doc/gcc-4.3/README.Bugs --enable-languages=c,c++,fortran,objc,obj-c++ --prefix=/usr --enable-shared --with-system-zlib --libexecdir=/usr/lib --without-included-gettext --enable-threads=posix --enable-nls --with-gxx-include-dir=/usr/include/c++/4.3 --program-suffix=-4.3 --enable-clocale=gnu --enable-libstdcxx-debug --enable-objc-gc --enable-mpfr --enable-targets=all --with-tune=generic --enable-checking=release --build=i486-linux-gnu --host=i486-linux-gnu --target=i486-linux-gnu
Thread model: posix
gcc version 4.3.3 (Ubuntu 4.3.3-5ubuntu4) 
configure:3589: $? = 0
configure:3596: gcc -V >&5
gcc: '-V' option must have argument
configure:3600: $? = 1
configure:3603: checking whether we are using the GNU C compiler
configure:3632: gcc -c   conftest.c >&5
configure:3639: $? = 0
configure:3656: result: yes
configure:3665: checking whether gcc accepts -g
configure:3695: gcc -c -g  conftest.c >&5
configure:3702: $? = 0
configure:3803: result: yes
configure:3820: checking for gcc option to accept ISO C89
configure:3894: gcc  -c -g -O2  conftest.c >&5
configure:3901: $? = 0
configure:3924: result: none needed
configure:3944: checking dependency style of gcc
configure:4027: result: none
configure:4077: checking build system type
configure:4095: result: i686-pc-linux-gnu
configure:4117: checking host system type
configure:4132: result: i686-pc-linux-gnu
configure:4154: checking for a sed that does not truncate output
configure:4220: result: /bin/sed
configure:4238: checking for grep that handles long lines and -e
configure:4298: result: /bin/grep
configure:4303: checking for egrep
configure:4367: result: /bin/grep -E
configure:4372: checking for fgrep
configure:4436: result: /bin/grep -F
configure:4471: checking for ld used by gcc
configure:4538: result: /usr/bin/ld
configure:4547: checking if the linker (/usr/bin/ld) is GNU ld
configure:4562: result: yes
configure:4574: checking for BSD- or MS-compatible name lister (nm)
configure:4623: result: /usr/bin/nm -B
configure:4741: checking the name lister (/usr/bin/nm -B) interface
configure:4748: gcc -c -g -O2  conftest.c >&5
configure:4751: /usr/bin/nm -B "conftest.o"
configure:4754: output
00000000 B some_variable
configure:4761: result: BSD nm
configure:4764: checking whether ln -s works
configure:4768: result: yes
configure:4776: checking the maximum length of command line arguments
configure:4896: result: 805306365
configure:4913: checking whether the shell understands some XSI constructs
configure:4923: result: yes
configure:4927: checking whether the shell understands "+="
configure:4933: result: yes
configure:4968: checking for /usr/bin/ld option to reload object files
configure:4975: result: -r
configure:5044: checking for objdump
configure:5060: found /usr/bin/objdump
configure:5071: result: objdump
configure:5103: checking how to recognize dependent libraries
configure:5299: result: pass_all
configure:5359: checking for ar
configure:5375: found /usr/bin/ar
configure:5386: result: ar
configure:5464: checking for strip
configure:5480: found /usr/bin/strip
configure:5491: result: strip
configure:5563: checking for ranlib
configure:5579: found /usr/bin/ranlib
configure:5590: result: ranlib
configure:5680: checking command to parse /usr/bin/nm -B output from gcc object
configure:5798: gcc -c -g -O2  conftest.c >&5
configure:5801: $? = 0
configure:5805: /usr/bin/nm -B conftest.o \| sed -n -e 's/^.*[	 ]\([ABCDGIRSTW][ABCDGIRSTW]*\)[	 ][	 ]*\([_A-Za-z][_A-Za-z0-9]*\)$/\1 \2 \2/p' \> conftest.nm
configure:5808: $? = 0
configure:5862: gcc -o conftest -g -O2   conftest.c conftstm.o >&5
configure:5865: $? = 0
configure:5903: result: ok
configure:6770: checking how to run the C preprocessor
configure:6810: gcc -E  conftest.c
configure:6817: $? = 0
configure:6848: gcc -E  conftest.c
conftest.c:10:28: error: ac_nonexistent.h: No such file or directory
configure:6855: $? = 1
configure: failed program was:
| /* confdefs.h.  */
| #define PACKAGE_NAME "cconv"
| #define PACKAGE_TARNAME "cconv"
| #define PACKAGE_VERSION "0.5.2"
| #define PACKAGE_STRING "cconv 0.5.2"
| #define PACKAGE_BUGREPORT "reg256@sina.com.cn"
| #define PACKAGE "cconv"
| #define VERSION "0.5.2"
| /* end confdefs.h.  */
| #include <ac_nonexistent.h>
configure:6888: result: gcc -E
configure:6917: gcc -E  conftest.c
configure:6924: $? = 0
configure:6955: gcc -E  conftest.c
conftest.c:10:28: error: ac_nonexistent.h: No such file or directory
configure:6962: $? = 1
configure: failed program was:
| /* confdefs.h.  */
| #define PACKAGE_NAME "cconv"
| #define PACKAGE_TARNAME "cconv"
| #define PACKAGE_VERSION "0.5.2"
| #define PACKAGE_STRING "cconv 0.5.2"
| #define PACKAGE_BUGREPORT "reg256@sina.com.cn"
| #define PACKAGE "cconv"
| #define VERSION "0.5.2"
| /* end confdefs.h.  */
| #include <ac_nonexistent.h>
configure:7002: checking for ANSI C header files
configure:7032: gcc -c -g -O2  conftest.c >&5
configure:7039: $? = 0
configure:7138: gcc -o conftest -g -O2   conftest.c  >&5
configure:7142: $? = 0
configure:7148: ./conftest
configure:7152: $? = 0
configure:7170: result: yes
configure:7194: checking for sys/types.h
configure:7215: gcc -c -g -O2  conftest.c >&5
configure:7222: $? = 0
configure:7239: result: yes
configure:7194: checking for sys/stat.h
configure:7215: gcc -c -g -O2  conftest.c >&5
configure:7222: $? = 0
configure:7239: result: yes
configure:7194: checking for stdlib.h
configure:7215: gcc -c -g -O2  conftest.c >&5
configure:7222: $? = 0
configure:7239: result: yes
configure:7194: checking for string.h
configure:7215: gcc -c -g -O2  conftest.c >&5
configure:7222: $? = 0
configure:7239: result: yes
configure:7194: checking for memory.h
configure:7215: gcc -c -g -O2  conftest.c >&5
configure:7222: $? = 0
configure:7239: result: yes
configure:7194: checking for strings.h
configure:7215: gcc -c -g -O2  conftest.c >&5
configure:7222: $? = 0
configure:7239: result: yes
configure:7194: checking for inttypes.h
configure:7215: gcc -c -g -O2  conftest.c >&5
configure:7222: $? = 0
configure:7239: result: yes
configure:7194: checking for stdint.h
configure:7215: gcc -c -g -O2  conftest.c >&5
configure:7222: $? = 0
configure:7239: result: yes
configure:7194: checking for unistd.h
configure:7215: gcc -c -g -O2  conftest.c >&5
configure:7222: $? = 0
configure:7239: result: yes
configure:7257: checking for dlfcn.h
configure:7278: gcc -c -g -O2  conftest.c >&5
configure:7285: $? = 0
configure:7302: result: yes
configure:7429: checking for C++ compiler version
configure:7437: g++ --version >&5
g++ (Ubuntu 4.3.3-5ubuntu4) 4.3.3
Copyright (C) 2008 Free Software Foundation, Inc.
This is free software; see the source for copying conditions.  There is NO
warranty; not even for MERCHANTABILITY or FITNESS FOR A PARTICULAR PURPOSE.

configure:7441: $? = 0
configure:7448: g++ -v >&5
Using built-in specs.
Target: i486-linux-gnu
Configured with: ../src/configure -v --with-pkgversion='Ubuntu 4.3.3-5ubuntu4' --with-bugurl=file:///usr/share/doc/gcc-4.3/README.Bugs --enable-languages=c,c++,fortran,objc,obj-c++ --prefix=/usr --enable-shared --with-system-zlib --libexecdir=/usr/lib --without-included-gettext --enable-threads=posix --enable-nls --with-gxx-include-dir=/usr/include/c++/4.3 --program-suffix=-4.3 --enable-clocale=gnu --enable-libstdcxx-debug --enable-objc-gc --enable-mpfr --enable-targets=all --with-tune=generic --enable-checking=release --build=i486-linux-gnu --host=i486-linux-gnu --target=i486-linux-gnu
Thread model: posix
gcc version 4.3.3 (Ubuntu 4.3.3-5ubuntu4) 
configure:7452: $? = 0
configure:7459: g++ -V >&5
g++: '-V' option must have argument
configure:7463: $? = 1
configure:7466: checking whether we are using the GNU C++ compiler
configure:7519: result: yes
configure:7528: checking whether g++ accepts -g
configure:7666: result: yes
configure:7691: checking dependency style of g++
configure:7774: result: none
configure:7799: checking how to run the C++ preprocessor
configure:7835: g++ -E  conftest.cpp
configure:7842: $? = 0
configure:7873: g++ -E  conftest.cpp
conftest.cpp:21:28: error: ac_nonexistent.h: No such file or directory
configure:7880: $? = 1
configure: failed program was:
| /* confdefs.h.  */
| #define PACKAGE_NAME "cconv"
| #define PACKAGE_TARNAME "cconv"
| #define PACKAGE_VERSION "0.5.2"
| #define PACKAGE_STRING "cconv 0.5.2"
| #define PACKAGE_BUGREPORT "reg256@sina.com.cn"
| #define PACKAGE "cconv"
| #define VERSION "0.5.2"
| #define STDC_HEADERS 1
| #define HAVE_SYS_TYPES_H 1
| #define HAVE_SYS_STAT_H 1
| #define HAVE_STDLIB_H 1
| #define HAVE_STRING_H 1
| #define HAVE_MEMORY_H 1
| #define HAVE_STRINGS_H 1
| #define HAVE_INTTYPES_H 1
| #define HAVE_STDINT_H 1
| #define HAVE_UNISTD_H 1
| #define HAVE_DLFCN_H 1
| /* end confdefs.h.  */
| #include <ac_nonexistent.h>
configure:7913: result: g++ -E
configure:7942: g++ -E  conftest.cpp
configure:7949: $? = 0
configure:7980: g++ -E  conftest.cpp
conftest.cpp:21:28: error: ac_nonexistent.h: No such file or directory
configure:7987: $? = 1
configure: failed program was:
| /* confdefs.h.  */
| #define PACKAGE_NAME "cconv"
| #define PACKAGE_TARNAME "cconv"
| #define PACKAGE_VERSION "0.5.2"
| #define PACKAGE_STRING "cconv 0.5.2"
| #define PACKAGE_BUGREPORT "reg256@sina.com.cn"
| #define PACKAGE "cconv"
| #define VERSION "0.5.2"
| #define STDC_HEADERS 1
| #define HAVE_SYS_TYPES_H 1
| #define HAVE_SYS_STAT_H 1
| #define HAVE_STDLIB_H 1
| #define HAVE_STRING_H 1
| #define HAVE_MEMORY_H 1
| #define HAVE_STRINGS_H 1
| #define HAVE_INTTYPES_H 1
| #define HAVE_STDINT_H 1
| #define HAVE_UNISTD_H 1
| #define HAVE_DLFCN_H 1
| /* end confdefs.h.  */
| #include <ac_nonexistent.h>
configure:8201: checking for objdir
configure:8216: result: .libs
configure:8508: checking if gcc supports -fno-rtti -fno-exceptions
configure:8526: gcc -c -g -O2  -fno-rtti -fno-exceptions conftest.c >&5
cc1: warning: command line option "-fno-rtti" is valid for C++/ObjC++ but not for C
configure:8530: $? = 0
configure:8543: result: no
configure:8563: checking for gcc option to produce PIC
configure:8835: result: -fPIC -DPIC
configure:8847: checking if gcc PIC flag -fPIC -DPIC works
configure:8865: gcc -c -g -O2  -fPIC -DPIC -DPIC conftest.c >&5
configure:8869: $? = 0
configure:8882: result: yes
configure:8906: checking if gcc static flag -static works
configure:8934: result: yes
configure:8949: checking if gcc supports -c -o file.o
configure:8970: gcc -c -g -O2  -o out/conftest2.o conftest.c >&5
configure:8974: $? = 0
configure:8996: result: yes
configure:9004: checking if gcc supports -c -o file.o
configure:9051: result: yes
configure:9084: checking whether the gcc linker (/usr/bin/ld) supports shared libraries
configure:10159: result: yes
configure:10196: checking whether -lc should be explicitly linked in
configure:10201: gcc -c -g -O2  conftest.c >&5
configure:10204: $? = 0
configure:10219: gcc -shared conftest.o  -v -Wl,-soname -Wl,conftest -o conftest 2\>\&1 \| /bin/grep  -lc  \>/dev/null 2\>\&1
configure:10222: $? = 0
configure:10234: result: no
configure:10398: checking dynamic linker characteristics
configure:10841: gcc -o conftest -g -O2   -Wl,-rpath -Wl,/foo conftest.c  >&5
configure:10848: $? = 0
configure:11093: result: GNU/Linux ld.so
configure:11195: checking how to hardcode library paths into programs
configure:11220: result: immediate
configure:12053: checking whether stripping libraries is possible
configure:12058: result: yes
configure:12093: checking if libtool supports shared libraries
configure:12095: result: yes
configure:12098: checking whether to build shared libraries
configure:12119: result: yes
configure:12122: checking whether to build static libraries
configure:12126: result: yes
configure:12276: checking for ld used by g++
configure:12343: result: /usr/bin/ld
configure:12352: checking if the linker (/usr/bin/ld) is GNU ld
configure:12367: result: yes
configure:12422: checking whether the g++ linker (/usr/bin/ld) supports shared libraries
configure:13397: result: yes
configure:13425: g++ -c -g -O2  conftest.cpp >&5
configure:13428: $? = 0
configure:13610: checking for g++ option to produce PIC
configure:13927: result: -fPIC -DPIC
configure:13936: checking if g++ PIC flag -fPIC -DPIC works
configure:13954: g++ -c -g -O2  -fPIC -DPIC -DPIC conftest.cpp >&5
configure:13958: $? = 0
configure:13971: result: yes
configure:13992: checking if g++ static flag -static works
configure:14020: result: yes
configure:14032: checking if g++ supports -c -o file.o
configure:14053: g++ -c -g -O2  -o out/conftest2.o conftest.cpp >&5
configure:14057: $? = 0
configure:14079: result: yes
configure:14084: checking if g++ supports -c -o file.o
configure:14131: result: yes
configure:14161: checking whether the g++ linker (/usr/bin/ld) supports shared libraries
configure:14190: result: yes
configure:14327: checking dynamic linker characteristics
configure:14718: g++ -o conftest -g -O2   -Wl,-rpath -Wl,/foo conftest.cpp  >&5
configure:14725: $? = 0
configure:14970: result: GNU/Linux ld.so
configure:15021: checking how to hardcode library paths into programs
configure:15046: result: immediate
configure:15106: checking for ANSI C header files
configure:15274: result: yes
configure:15292: checking for stdlib.h
configure:15299: result: yes
configure:15292: checking for string.h
configure:15299: result: yes
configure:15292: checking for unistd.h
configure:15299: result: yes
configure:15303: checking wchar.h usability
configure:15320: gcc -c -g -O2  conftest.c >&5
configure:15327: $? = 0
configure:15341: result: yes
configure:15345: checking wchar.h presence
configure:15360: gcc -E  conftest.c
configure:15367: $? = 0
configure:15381: result: yes
configure:15414: checking for wchar.h
configure:15423: result: yes
configure:15440: checking for an ANSI C-conforming const
configure:15515: gcc -c -g -O2  conftest.c >&5
configure:15522: $? = 0
configure:15537: result: yes
configure:15547: checking for size_t
configure:15575: gcc -c -g -O2  conftest.c >&5
configure:15582: $? = 0
configure:15609: gcc -c -g -O2  conftest.c >&5
conftest.c: In function 'main':
conftest.c:63: error: expected expression before ')' token
configure:15616: $? = 1
configure: failed program was:
| /* confdefs.h.  */
| #define PACKAGE_NAME "cconv"
| #define PACKAGE_TARNAME "cconv"
| #define PACKAGE_VERSION "0.5.2"
| #define PACKAGE_STRING "cconv 0.5.2"
| #define PACKAGE_BUGREPORT "reg256@sina.com.cn"
| #define PACKAGE "cconv"
| #define VERSION "0.5.2"
| #define STDC_HEADERS 1
| #define HAVE_SYS_TYPES_H 1
| #define HAVE_SYS_STAT_H 1
| #define HAVE_STDLIB_H 1
| #define HAVE_STRING_H 1
| #define HAVE_MEMORY_H 1
| #define HAVE_STRINGS_H 1
| #define HAVE_INTTYPES_H 1
| #define HAVE_STDINT_H 1
| #define HAVE_UNISTD_H 1
| #define HAVE_DLFCN_H 1
| #define LT_OBJDIR ".libs/"
| #define STDC_HEADERS 1
| #define HAVE_STDLIB_H 1
| #define HAVE_STRING_H 1
| #define HAVE_UNISTD_H 1
| #define HAVE_WCHAR_H 1
| /* end confdefs.h.  */
| #include <stdio.h>
| #ifdef HAVE_SYS_TYPES_H
| # include <sys/types.h>
| #endif
| #ifdef HAVE_SYS_STAT_H
| # include <sys/stat.h>
| #endif
| #ifdef STDC_HEADERS
| # include <stdlib.h>
| # include <stddef.h>
| #else
| # ifdef HAVE_STDLIB_H
| #  include <stdlib.h>
| # endif
| #endif
| #ifdef HAVE_STRING_H
| # if !defined STDC_HEADERS && defined HAVE_MEMORY_H
| #  include <memory.h>
| # endif
| # include <string.h>
| #endif
| #ifdef HAVE_STRINGS_H
| # include <strings.h>
| #endif
| #ifdef HAVE_INTTYPES_H
| # include <inttypes.h>
| #endif
| #ifdef HAVE_STDINT_H
| # include <stdint.h>
| #endif
| #ifdef HAVE_UNISTD_H
| # include <unistd.h>
| #endif
| int
| main ()
| {
| if (sizeof ((size_t)))
| 	  return 0;
|   ;
|   return 0;
| }
configure:15639: result: yes
configure:15678: checking for stdlib.h
configure:15685: result: yes
configure:15824: checking for GNU libc compatible malloc
configure:15858: gcc -o conftest -g -O2   conftest.c  >&5
configure:15862: $? = 0
configure:15868: ./conftest
configure:15872: $? = 0
configure:15889: result: yes
configure:15917: checking for working memcmp
configure:15970: gcc -o conftest -g -O2   conftest.c  >&5
configure:15974: $? = 0
configure:15980: ./conftest
configure:15984: $? = 0
configure:16001: result: yes
configure:16015: checking for memset
configure:16071: gcc -o conftest -g -O2   conftest.c  >&5
conftest.c:52: warning: conflicting types for built-in function 'memset'
configure:16078: $? = 0
configure:16100: result: yes
configure:16015: checking for strncasecmp
configure:16071: gcc -o conftest -g -O2   conftest.c  >&5
conftest.c:53: warning: conflicting types for built-in function 'strncasecmp'
configure:16078: $? = 0
configure:16100: result: yes
configure:16245: creating ./config.status

## ---------------- ##
## Cache variables. ##
## ---------------- ##

ac_cv_build=i686-pc-linux-gnu
ac_cv_c_compiler_gnu=yes
ac_cv_c_const=yes
ac_cv_cxx_compiler_gnu=yes
ac_cv_env_CCC_set=
ac_cv_env_CCC_value=
ac_cv_env_CC_set=
ac_cv_env_CC_value=
ac_cv_env_CFLAGS_set=
ac_cv_env_CFLAGS_value=
ac_cv_env_CPPFLAGS_set=
ac_cv_env_CPPFLAGS_value=
ac_cv_env_CPP_set=
ac_cv_env_CPP_value=
ac_cv_env_CXXCPP_set=
ac_cv_env_CXXCPP_value=
ac_cv_env_CXXFLAGS_set=
ac_cv_env_CXXFLAGS_value=
ac_cv_env_CXX_set=
ac_cv_env_CXX_value=
ac_cv_env_LDFLAGS_set=
ac_cv_env_LDFLAGS_value=
ac_cv_env_LIBS_set=
ac_cv_env_LIBS_value=
ac_cv_env_build_alias_set=
ac_cv_env_build_alias_value=
ac_cv_env_host_alias_set=
ac_cv_env_host_alias_value=
ac_cv_env_target_alias_set=
ac_cv_env_target_alias_value=
ac_cv_func_malloc_0_nonnull=yes
ac_cv_func_memcmp_working=yes
ac_cv_func_memset=yes
ac_cv_func_strncasecmp=yes
ac_cv_header_dlfcn_h=yes
ac_cv_header_inttypes_h=yes
ac_cv_header_memory_h=yes
ac_cv_header_stdc=yes
ac_cv_header_stdint_h=yes
ac_cv_header_stdlib_h=yes
ac_cv_header_string_h=yes
ac_cv_header_strings_h=yes
ac_cv_header_sys_stat_h=yes
ac_cv_header_sys_types_h=yes
ac_cv_header_unistd_h=yes
ac_cv_header_wchar_h=yes
ac_cv_host=i686-pc-linux-gnu
ac_cv_objext=o
ac_cv_path_EGREP='/bin/grep -E'
ac_cv_path_FGREP='/bin/grep -F'
ac_cv_path_GREP=/bin/grep
ac_cv_path_SED=/bin/sed
ac_cv_path_install='/usr/bin/install -c'
ac_cv_prog_AWK=mawk
ac_cv_prog_CPP='gcc -E'
ac_cv_prog_CXXCPP='g++ -E'
ac_cv_prog_ac_ct_AR=ar
ac_cv_prog_ac_ct_CC=gcc
ac_cv_prog_ac_ct_CXX=g++
ac_cv_prog_ac_ct_OBJDUMP=objdump
ac_cv_prog_ac_ct_RANLIB=ranlib
ac_cv_prog_ac_ct_STRIP=strip
ac_cv_prog_cc_c89=
ac_cv_prog_cc_g=yes
ac_cv_prog_cxx_g=yes
ac_cv_prog_make_make_set=yes
ac_cv_type_size_t=yes
am_cv_CC_dependencies_compiler_type=none
am_cv_CXX_dependencies_compiler_type=none
lt_cv_deplibs_check_method=pass_all
lt_cv_file_magic_cmd='$MAGIC_CMD'
lt_cv_file_magic_test_file=
lt_cv_ld_reload_flag=-r
lt_cv_nm_interface='BSD nm'
lt_cv_objdir=.libs
lt_cv_path_LD=/usr/bin/ld
lt_cv_path_LDCXX=/usr/bin/ld
lt_cv_path_NM='/usr/bin/nm -B'
lt_cv_prog_compiler_c_o=yes
lt_cv_prog_compiler_c_o_CXX=yes
lt_cv_prog_compiler_pic_works=yes
lt_cv_prog_compiler_pic_works_CXX=yes
lt_cv_prog_compiler_rtti_exceptions=no
lt_cv_prog_compiler_static_works=yes
lt_cv_prog_compiler_static_works_CXX=yes
lt_cv_prog_gnu_ld=yes
lt_cv_prog_gnu_ldcxx=yes
lt_cv_sys_global_symbol_pipe='sed -n -e '\''s/^.*[	 ]\([ABCDGIRSTW][ABCDGIRSTW]*\)[	 ][	 ]*\([_A-Za-z][_A-Za-z0-9]*\)$/\1 \2 \2/p'\'''
lt_cv_sys_global_symbol_to_c_name_address='sed -n -e '\''s/^: \([^ ]*\) $/  {\"\1\", (void *) 0},/p'\'' -e '\''s/^[ABCDGIRSTW]* \([^ ]*\) \([^ ]*\)$/  {"\2", (void *) \&\2},/p'\'''
lt_cv_sys_global_symbol_to_c_name_address_lib_prefix='sed -n -e '\''s/^: \([^ ]*\) $/  {\"\1\", (void *) 0},/p'\'' -e '\''s/^[ABCDGIRSTW]* \([^ ]*\) \(lib[^ ]*\)$/  {"\2", (void *) \&\2},/p'\'' -e '\''s/^[ABCDGIRSTW]* \([^ ]*\) \([^ ]*\)$/  {"lib\2", (void *) \&\2},/p'\'''
lt_cv_sys_global_symbol_to_cdecl='sed -n -e '\''s/^T .* \(.*\)$/extern int \1();/p'\'' -e '\''s/^[ABCDGIRSTW]* .* \(.*\)$/extern char \1;/p'\'''
lt_cv_sys_max_cmd_len=805306365

## ----------------- ##
## Output variables. ##
## ----------------- ##

ACLOCAL='${SHELL} /home/jianyu/Private/repository/cconv/trunk/missing --run aclocal-1.7'
AMDEPBACKSLASH='\'
AMDEP_FALSE='#'
AMDEP_TRUE=''
AMTAR='${SHELL} /home/jianyu/Private/repository/cconv/trunk/missing --run tar'
AR='ar'
AUTOCONF='${SHELL} /home/jianyu/Private/repository/cconv/trunk/missing --run autoconf'
AUTOHEADER='${SHELL} /home/jianyu/Private/repository/cconv/trunk/missing --run autoheader'
AUTOMAKE='${SHELL} /home/jianyu/Private/repository/cconv/trunk/missing --run automake-1.7'
AWK='mawk'
CC='gcc'
CCDEPMODE='depmode=none'
CFLAGS='-g -O2'
CPP='gcc -E'
CPPFLAGS=''
CXX='g++'
CXXCPP='g++ -E'
CXXDEPMODE='depmode=none'
CXXFLAGS='-g -O2'
CYGPATH_W='echo'
DEFS='-DHAVE_CONFIG_H'
DEPDIR='.deps'
DSYMUTIL=''
DUMPBIN=''
ECHO_C=''
ECHO_N='-n'
ECHO_T=''
EGREP='/bin/grep -E'
EXEEXT=''
FGREP='/bin/grep -F'
GREP='/bin/grep'
ICONV_INCLUDES=''
ICONV_LIBS=''
INSTALL_DATA='${INSTALL} -m 644'
INSTALL_PROGRAM='${INSTALL}'
INSTALL_SCRIPT='${INSTALL}'
INSTALL_STRIP_PROGRAM='${SHELL} $(install_sh) -c -s'
LD='/usr/bin/ld'
LDFLAGS=''
LIBOBJS=''
LIBS=''
LIBTOOL='$(SHELL) $(top_builddir)/libtool'
LIPO=''
LN_S='ln -s'
LTLIBOBJS=''
MAKEINFO='${SHELL} /home/jianyu/Private/repository/cconv/trunk/missing --run makeinfo'
NM='/usr/bin/nm -B'
NMEDIT=''
OBJDUMP='objdump'
OBJEXT='o'
OS_TYPE='-DLinux'
OTOOL64=''
OTOOL=''
PACKAGE='cconv'
PACKAGE_BUGREPORT='reg256@sina.com.cn'
PACKAGE_NAME='cconv'
PACKAGE_STRING='cconv 0.5.2'
PACKAGE_TARNAME='cconv'
PACKAGE_VERSION='0.5.2'
PATH_SEPARATOR=':'
RANLIB='ranlib'
SED='/bin/sed'
SET_MAKE=''
SHELL='/bin/bash'
STRIP='strip'
VERSION='0.5.2'
ac_ct_CC='gcc'
ac_ct_CXX='g++'
ac_ct_DUMPBIN=''
am__fastdepCC_FALSE=''
am__fastdepCC_TRUE='#'
am__fastdepCXX_FALSE=''
am__fastdepCXX_TRUE='#'
am__include='include'
am__leading_dot='.'
am__quote=''
bindir='${exec_prefix}/bin'
build='i686-pc-linux-gnu'
build_alias=''
build_cpu='i686'
build_os='linux-gnu'
build_vendor='pc'
datadir='${datarootdir}'
datarootdir='${prefix}/share'
docdir='${datarootdir}/doc/${PACKAGE_TARNAME}'
dvidir='${docdir}'
exec_prefix='${prefix}'
host='i686-pc-linux-gnu'
host_alias=''
host_cpu='i686'
host_os='linux-gnu'
host_vendor='pc'
htmldir='${docdir}'
includedir='${prefix}/include'
infodir='${datarootdir}/info'
install_sh='/home/jianyu/Private/repository/cconv/trunk/install-sh'
libdir='${exec_prefix}/lib'
libexecdir='${exec_prefix}/libexec'
localedir='${datarootdir}/locale'
localstatedir='${prefix}/var'
lt_ECHO='echo'
mandir='${datarootdir}/man'
oldincludedir='/usr/include'
pdfdir='${docdir}'
prefix='/usr/local'
program_transform_name='s,x,x,'
psdir='${docdir}'
sbindir='${exec_prefix}/sbin'
sharedstatedir='${prefix}/com'
sysconfdir='${prefix}/etc'
target_alias=''

## ----------- ##
## confdefs.h. ##
## ----------- ##

#define PACKAGE_NAME "cconv"
#define PACKAGE_TARNAME "cconv"
#define PACKAGE_VERSION "0.5.2"
#define PACKAGE_STRING "cconv 0.5.2"
#define PACKAGE_BUGREPORT "reg256@sina.com.cn"
#define PACKAGE "cconv"
#define VERSION "0.5.2"
#define STDC_HEADERS 1
#define HAVE_SYS_TYPES_H 1
#define HAVE_SYS_STAT_H 1
#define HAVE_STDLIB_H 1
#define HAVE_STRING_H 1
#define HAVE_MEMORY_H 1
#define HAVE_STRINGS_H 1
#define HAVE_INTTYPES_H 1
#define HAVE_STDINT_H 1
#define HAVE_UNISTD_H 1
#define HAVE_DLFCN_H 1
#define LT_OBJDIR ".libs/"
#define STDC_HEADERS 1
#define HAVE_STDLIB_H 1
#define HAVE_STRING_H 1
#define HAVE_UNISTD_H 1
#define HAVE_WCHAR_H 1
#define HAVE_STDLIB_H 1
#define HAVE_MALLOC 1
#define HAVE_MEMSET 1
#define HAVE_STRNCASECMP 1

configure: exit 0

## ---------------------- ##
## Running config.status. ##
## ---------------------- ##

This file was extended by cconv config.status 0.5.2, which was
generated by GNU Autoconf 2.63.  Invocation command line was

  CONFIG_FILES    = 
  CONFIG_HEADERS  = 
  CONFIG_LINKS    = 
  CONFIG_COMMANDS = 
  $ ./config.status Makefile

on jianyu-pc

config.status:1049: creating Makefile

## ---------------------- ##
## Running config.status. ##
## ---------------------- ##

This file was extended by cconv config.status 0.5.2, which was
generated by GNU Autoconf 2.63.  Invocation command line was

  CONFIG_FILES    = 
  CONFIG_HEADERS  = 
  CONFIG_LINKS    = 
  CONFIG_COMMANDS = 
  $ ./config.status config.h

on jianyu-pc

config.status:1049: creating config.h
